15:08:18.516 INFO [GridLauncherV3.parse] - Selenium server version: 3.141.5, revision: d54ebd709a
15:08:18.561 INFO [GridLauncherV3.lambda$buildLaunchers$3] - Launching a standalone Selenium Server on port 4444
2020-02-16 15:08:18.596:INFO::main: Logging initialized @207ms to org.seleniumhq.jetty9.util.log.StdErrLog
15:08:18.749 INFO [WebDriverServlet.<init>] - Initialising WebDriverServlet
15:08:19.141 INFO [SeleniumServer.boot] - Selenium Server is up and running on port 4444
15:08:19.437 INFO [ActiveSessionFactory.apply] - Capabilities are: {
  "browserName": "chrome",
  "chromeOptions": {
    "args": [
      "start-maximized"
    ]
  }
}
15:08:19.439 INFO [ActiveSessionFactory.lambda$apply$11] - Matched factory org.openqa.selenium.grid.session.remote.ServicedSession$Factory (provider: org.openqa.selenium.chrome.ChromeDriverService)
Starting ChromeDriver 2.43.600210 (68dcf5eebde37173d4027fa8635e332711d2874a) on port 46995
Only local connections are allowed.
[1581858502.744][WARNING]: Timed out connecting to Chrome, retrying...
15:08:24.760 INFO [ProtocolHandshake.createSession] - Detected dialect: OSS
15:08:24.921 INFO [RemoteSession$Factory.lambda$performHandshake$0] - Started new session 6a149addb81b3f363c46e830ca7dc2ea (org.openqa.selenium.chrome.ChromeDriverService)
15:08:32.873 INFO [ActiveSessions$1.onStop] - Removing session 6a149addb81b3f363c46e830ca7dc2ea (org.openqa.selenium.chrome.ChromeDriverService)
